Using pre-set license
Built from '2020.3/staging' branch; Version is '2020.3.0f1 (c7b5465681fb) revision 13088070'; Using compiler version '192528614'; Build Type 'Release'
OS: 'Windows 10 Home; OS build 19042.867; Version 2009; 64bit' Language: 'en' Physical Memory: 8037 MB
BatchMode: 1, IsHumanControllingUs: 0, StartBugReporterOnCrash: 0, Is64bit: 1, IsPro: 0

 COMMAND LINE ARGUMENTS:
C:\Program Files\Unity\Hub\Editor\2020.3.0f1\Editor\Unity.exe
-adb2
-batchMode
-noUpm
-name
AssetImportWorker0
-projectPath
C:/Users/ghcs1/AnimalRacing
-logFile
Logs/AssetImportWorker0.log
-srvPort
52887
Successfully changed project path to: C:/Users/ghcs1/AnimalRacing
C:/Users/ghcs1/AnimalRacing
Using Asset Import Pipeline V2.
Refreshing native plugins compatible for Editor in 32.52 ms, found 0 plugins.
Preloading 0 native plugins for Editor in 0.00 ms.
Initialize engine version: 2020.3.0f1 (c7b5465681fb)
[Subsystems] Discovering subsystems at path C:/Program Files/Unity/Hub/Editor/2020.3.0f1/Editor/Data/Resources/UnitySubsystems
[Subsystems] Discovering subsystems at path C:/Users/ghcs1/AnimalRacing/Assets
GfxDevice: creating device client; threaded=0
Direct3D:
    Version:  Direct3D 11.0 [level 11.1]
    Renderer: NVIDIA GeForce GTX 1050 Ti (ID=0x1c8c)
    Vendor:   
    VRAM:     4018 MB
    Driver:   27.21.14.6192
Initialize mono
Mono path[0] = 'C:/Program Files/Unity/Hub/Editor/2020.3.0f1/Editor/Data/Managed'
Mono path[1] = 'C:/Program Files/Unity/Hub/Editor/2020.3.0f1/Editor/Data/MonoBleedingEdge/lib/mono/unityjit'
Mono config path = 'C:/Program Files/Unity/Hub/Editor/2020.3.0f1/Editor/Data/MonoBleedingEdge/etc'
Using monoOptions --debugger-agent=transport=dt_socket,embedding=1,server=y,suspend=n,address=127.0.0.1:56200
Begin MonoManager ReloadAssembly
Registering precompiled unity dll's ...
Register platform support module: C:/Program Files/Unity/Hub/Editor/2020.3.0f1/Editor/Data/PlaybackEngines/WindowsStandaloneSupport/UnityEditor.WindowsStandalone.Extensions.dll
Registered in 0.001992 seconds.
Native extension for WindowsStandalone target not found
Refreshing native plugins compatible for Editor in 31.47 ms, found 0 plugins.
Preloading 0 native plugins for Editor in 0.00 ms.
Invoked RoslynAnalysisRunner static constructor.
RoslynAnalysisRunner will not be running.
RoslynAnalysisRunner has terminated.
Mono: successfully reloaded assembly
- Completed reload, in  1.814 seconds
Platform modules already initialized, skipping
Registering precompiled user dll's ...
Registered in 0.001766 seconds.
Begin MonoManager ReloadAssembly
Native extension for WindowsStandalone target not found
Refreshing native plugins compatible for Editor in 0.32 ms, found 0 plugins.
Preloading 0 native plugins for Editor in 0.00 ms.
Invoked RoslynAnalysisRunner static constructor.
RoslynAnalysisRunner will not be running.
RoslynAnalysisRunner has terminated.
Mono: successfully reloaded assembly
- Completed reload, in  1.315 seconds
Platform modules already initialized, skipping
========================================================================
Worker process is ready to serve import requests
Launched and connected shader compiler UnityShaderCompiler.exe after 0.04 seconds
Refreshing native plugins compatible for Editor in 1.39 ms, found 0 plugins.
Preloading 0 native plugins for Editor in 0.00 ms.
Unloading 1635 Unused Serialized files (Serialized files now loaded: 0)
System memory in use before: 97.4 MB.
System memory in use after: 97.5 MB.

Unloading 11 unused Assets to reduce memory usage. Loaded Objects now: 2113.
Total: 2.646600 ms (FindLiveObjects: 0.338900 ms CreateObjectMapping: 0.104000 ms MarkObjects: 2.082500 ms  DeleteObjects: 0.119900 ms)

========================================================================
Received Import Request.
  path: Assets/1583744115-176-158348133676943-thumbnail.jpg
  artifactKey: Guid(9d8ddba2e96366f46b74c8541877bd24) Importer(815301076,1909f56bfc062723c751e8b465ee728b)
Start importing Assets/1583744115-176-158348133676943-thumbnail.jpg using Guid(9d8ddba2e96366f46b74c8541877bd24) Importer(815301076,1909f56bfc062723c751e8b465ee728b)  -> (artifact id: '88fbe853d6584b77fea5c1f4794368c4') in 0.092688 seconds
  Import took 0.097924 seconds .

========================================================================
Received Prepare
Registering precompiled user dll's ...
Registered in 0.001819 seconds.
Begin MonoManager ReloadAssembly
Native extension for WindowsStandalone target not found
Refreshing native plugins compatible for Editor in 0.32 ms, found 0 plugins.
Preloading 0 native plugins for Editor in 0.00 ms.
Invoked RoslynAnalysisRunner static constructor.
RoslynAnalysisRunner will not be running.
RoslynAnalysisRunner has terminated.
Mono: successfully reloaded assembly
- Completed reload, in  0.870 seconds
Platform modules already initialized, skipping
Refreshing native plugins compatible for Editor in 0.32 ms, found 0 plugins.
Preloading 0 native plugins for Editor in 0.00 ms.
Unloading 1624 Unused Serialized files (Serialized files now loaded: 0)
System memory in use before: 97.0 MB.
System memory in use after: 97.1 MB.

Unloading 6 unused Assets to reduce memory usage. Loaded Objects now: 2118.
Total: 2.291300 ms (FindLiveObjects: 0.182800 ms CreateObjectMapping: 0.083500 ms MarkObjects: 2.009900 ms  DeleteObjects: 0.014300 ms)

========================================================================
Received Import Request.
  Time since last request: 142.572249 seconds.
  path: Assets/AstarPathfindingProject/ExampleScenes/Materials/AI.mat
  artifactKey: Guid(db55ebdb9473a4a80a0037f64aafccce) Importer(815301076,1909f56bfc062723c751e8b465ee728b)
Start importing Assets/AstarPathfindingProject/ExampleScenes/Materials/AI.mat using Guid(db55ebdb9473a4a80a0037f64aafccce) Importer(815301076,1909f56bfc062723c751e8b465ee728b)  -> (artifact id: '406f97be5cc2007e57169f56226fb57f') in 0.133300 seconds
  Import took 0.136927 seconds .

========================================================================
Received Import Request.
  Time since last request: 0.000305 seconds.
  path: Assets/Cartoon_Texture_Pack/DIRT/Dirt_Path/Materials/Dirt_Path.mat
  artifactKey: Guid(1cef938def0b527469f8ef0720c534dc) Importer(815301076,1909f56bfc062723c751e8b465ee728b)
Start importing Assets/Cartoon_Texture_Pack/DIRT/Dirt_Path/Materials/Dirt_Path.mat using Guid(1cef938def0b527469f8ef0720c534dc) Importer(815301076,1909f56bfc062723c751e8b465ee728b)  -> (artifact id: '738ff6f620364f1016ac477a2d3b128d') in 0.112883 seconds
  Import took 0.117793 seconds .

========================================================================
Received Import Request.
  Time since last request: 0.000240 seconds.
  path: Assets/AstarPathfindingProject/ExampleScenes/Materials/BlueBox.mat
  artifactKey: Guid(99dbb3f3abc3c4845a9b650ff678e7c1) Importer(815301076,1909f56bfc062723c751e8b465ee728b)
Start importing Assets/AstarPathfindingProject/ExampleScenes/Materials/BlueBox.mat using Guid(99dbb3f3abc3c4845a9b650ff678e7c1) Importer(815301076,1909f56bfc062723c751e8b465ee728b)  -> (artifact id: '59b84149e7b1ead694b3976e2859e340') in 0.025174 seconds
  Import took 0.028706 seconds .

========================================================================
Received Import Request.
  Time since last request: 0.000255 seconds.
  path: Assets/AstarPathfindingProject/ExampleScenes/Example5_PointGraph/blackText.mat
  artifactKey: Guid(87dee5d03323e4003a9785eface0284a) Importer(815301076,1909f56bfc062723c751e8b465ee728b)
Start importing Assets/AstarPathfindingProject/ExampleScenes/Example5_PointGraph/blackText.mat using Guid(87dee5d03323e4003a9785eface0284a) Importer(815301076,1909f56bfc062723c751e8b465ee728b)  -> (artifact id: '35ef3c736a3282be144a3a1cf2c94928') in 0.028741 seconds
  Import took 0.031556 seconds .

========================================================================
Received Import Request.
  Time since last request: 0.000323 seconds.
  path: Assets/Low Poly Free Vegetation Pack/Materials/Color Pallet.mat
  artifactKey: Guid(b725cacc7387b1f4e991c4bdfcd832c8) Importer(815301076,1909f56bfc062723c751e8b465ee728b)
Start importing Assets/Low Poly Free Vegetation Pack/Materials/Color Pallet.mat using Guid(b725cacc7387b1f4e991c4bdfcd832c8) Importer(815301076,1909f56bfc062723c751e8b465ee728b)  -> (artifact id: '5fff2925736dd4db0f98d2a96b96204c') in 0.035504 seconds
  Import took 0.040546 seconds .

========================================================================
Received Import Request.
  Time since last request: 0.000307 seconds.
  path: Assets/AstarPathfindingProject/ExampleScenes/Materials/AI.mat
  artifactKey: Guid(db55ebdb9473a4a80a0037f64aafccce) Importer(815301076,1909f56bfc062723c751e8b465ee728b)
Start importing Assets/AstarPathfindingProject/ExampleScenes/Materials/AI.mat using Guid(db55ebdb9473a4a80a0037f64aafccce) Importer(815301076,1909f56bfc062723c751e8b465ee728b)  -> (artifact id: '406f97be5cc2007e57169f56226fb57f') in 0.016124 seconds
  Import took 0.019555 seconds .

========================================================================
Received Import Request.
  Time since last request: 0.000246 seconds.
  path: Assets/AstarPathfindingProject/ExampleScenes/Materials/BlueCheckerGround.mat
  artifactKey: Guid(8f4d5503fdeab441e8c6c041504cf535) Importer(815301076,1909f56bfc062723c751e8b465ee728b)
Start importing Assets/AstarPathfindingProject/ExampleScenes/Materials/BlueCheckerGround.mat using Guid(8f4d5503fdeab441e8c6c041504cf535) Importer(815301076,1909f56bfc062723c751e8b465ee728b)  -> (artifact id: '7f340a76f828c186170786f1af0dc2ac') in 0.078849 seconds
  Import took 0.082565 seconds .

========================================================================
Received Import Request.
  Time since last request: 0.000290 seconds.
  path: Assets/Tree9/bark14.mat
  artifactKey: Guid(760ea8238d6219c42b2739f693d4c834) Importer(815301076,1909f56bfc062723c751e8b465ee728b)
Start importing Assets/Tree9/bark14.mat using Guid(760ea8238d6219c42b2739f693d4c834) Importer(815301076,1909f56bfc062723c751e8b465ee728b)  -> (artifact id: 'c6dd7a96d3feacb623579b5d13f428d0') in 0.314911 seconds
  Import took 0.318008 seconds .

========================================================================
Received Import Request.
  Time since last request: 0.000303 seconds.
  path: Assets/AstarPathfindingProject/ExampleScenes/Materials/BlueGround.mat
  artifactKey: Guid(b71b71b0a1f9a48768a27ca6eefcfbdf) Importer(815301076,1909f56bfc062723c751e8b465ee728b)
Start importing Assets/AstarPathfindingProject/ExampleScenes/Materials/BlueGround.mat using Guid(b71b71b0a1f9a48768a27ca6eefcfbdf) Importer(815301076,1909f56bfc062723c751e8b465ee728b)  -> (artifact id: '85946e04d2e18a697ffcf464eaa34468') in 0.027307 seconds
  Import took 0.030132 seconds .

========================================================================
Received Import Request.
  Time since last request: 0.051182 seconds.
  path: Assets/AstarPathfindingProject/ExampleScenes/Materials/Door.mat
  artifactKey: Guid(863174fbef875425ca78e4c949f12318) Importer(815301076,1909f56bfc062723c751e8b465ee728b)
Start importing Assets/AstarPathfindingProject/ExampleScenes/Materials/Door.mat using Guid(863174fbef875425ca78e4c949f12318) Importer(815301076,1909f56bfc062723c751e8b465ee728b)  -> (artifact id: 'b0cacde19159acd3571d3bd2bb1dd58a') in 0.022408 seconds
  Import took 0.025712 seconds .

========================================================================
Received Import Request.
  Time since last request: 0.000256 seconds.
  path: Assets/Asset/Rhinoceros/skybox/FS003_Day.mat
  artifactKey: Guid(c051fe5a20f72814f9643eb10ebbd2fc) Importer(815301076,1909f56bfc062723c751e8b465ee728b)
Start importing Assets/Asset/Rhinoceros/skybox/FS003_Day.mat using Guid(c051fe5a20f72814f9643eb10ebbd2fc) Importer(815301076,1909f56bfc062723c751e8b465ee728b)  -> (artifact id: '6649b745fc7cff06fa347a724d214ca2') in 0.029518 seconds
  Import took 0.032410 seconds .

========================================================================
Received Import Request.
  Time since last request: 0.000265 seconds.
  path: Assets/Asset/Rhinoceros/skybox/Materials/FS003_Day.mat
  artifactKey: Guid(1f3e26e730291a54d92115aecd952830) Importer(815301076,1909f56bfc062723c751e8b465ee728b)
Start importing Assets/Asset/Rhinoceros/skybox/Materials/FS003_Day.mat using Guid(1f3e26e730291a54d92115aecd952830) Importer(815301076,1909f56bfc062723c751e8b465ee728b)  -> (artifact id: '56bc4dfe264ed328537ecb2935c46094') in 0.031136 seconds
  Import took 0.034428 seconds .

========================================================================
Received Import Request.
  Time since last request: 0.000251 seconds.
  path: Assets/AstarPathfindingProject/ExampleScenes/Example5_PointGraph/ex5Ground.mat
  artifactKey: Guid(46e0ecefe2ba442a5825f21e42530872) Importer(815301076,1909f56bfc062723c751e8b465ee728b)
Start importing Assets/AstarPathfindingProject/ExampleScenes/Example5_PointGraph/ex5Ground.mat using Guid(46e0ecefe2ba442a5825f21e42530872) Importer(815301076,1909f56bfc062723c751e8b465ee728b)  -> (artifact id: '815f4ec3571c3addeb4c35f11f63afe2') in 0.066035 seconds
  Import took 0.069276 seconds .

========================================================================
Received Import Request.
  Time since last request: 0.116322 seconds.
  path: Assets/Asset/Rhinoceros/skybox/Materials/FS003_Night.mat
  artifactKey: Guid(1ab98d8d2d62bc740995e5f0637aa2fb) Importer(815301076,1909f56bfc062723c751e8b465ee728b)
Start importing Assets/Asset/Rhinoceros/skybox/Materials/FS003_Night.mat using Guid(1ab98d8d2d62bc740995e5f0637aa2fb) Importer(815301076,1909f56bfc062723c751e8b465ee728b)  -> (artifact id: '3360d31c516c9ff3e9c59a6f53fab643') in 0.040428 seconds
  Import took 0.044465 seconds .

========================================================================
Received Import Request.
  Time since last request: 0.000252 seconds.
  path: Assets/Asset/Rhinoceros/skybox/FS003_Night.mat
  artifactKey: Guid(80fa4f34db87aad4d93c45188b19bfd6) Importer(815301076,1909f56bfc062723c751e8b465ee728b)
Start importing Assets/Asset/Rhinoceros/skybox/FS003_Night.mat using Guid(80fa4f34db87aad4d93c45188b19bfd6) Importer(815301076,1909f56bfc062723c751e8b465ee728b)  -> (artifact id: '156f76be5a2340004f01eb5f88064324') in 0.028514 seconds
  Import took 0.031894 seconds .

========================================================================
Received Import Request.
  Time since last request: 0.024692 seconds.
  path: Assets/Asset/Rhinoceros/skybox/Materials/FS013_Night.mat
  artifactKey: Guid(97a7278b9022e4a468e5ad0d2bffcc2c) Importer(815301076,1909f56bfc062723c751e8b465ee728b)
Start importing Assets/Asset/Rhinoceros/skybox/Materials/FS013_Night.mat using Guid(97a7278b9022e4a468e5ad0d2bffcc2c) Importer(815301076,1909f56bfc062723c751e8b465ee728b)  -> (artifact id: 'a539fbc41b43e4685093c946e9883ef3') in 0.025056 seconds
  Import took 0.028518 seconds .

========================================================================
Received Import Request.
  Time since last request: 0.000260 seconds.
  path: Assets/Asset/Rhinoceros/skybox/FS013_Night.mat
  artifactKey: Guid(6eecb3bb77b3f7a43a504fceda3b0b5f) Importer(815301076,1909f56bfc062723c751e8b465ee728b)
Start importing Assets/Asset/Rhinoceros/skybox/FS013_Night.mat using Guid(6eecb3bb77b3f7a43a504fceda3b0b5f) Importer(815301076,1909f56bfc062723c751e8b465ee728b)  -> (artifact id: 'b35e0780487283fb7c1983806f694961') in 0.026504 seconds
  Import took 0.030022 seconds .

========================================================================
Received Import Request.
  Time since last request: 0.000296 seconds.
  path: Assets/Asset/Rhinoceros/skybox/Materials/FS013_Night.mat
  artifactKey: Guid(97a7278b9022e4a468e5ad0d2bffcc2c) Importer(815301076,1909f56bfc062723c751e8b465ee728b)
Start importing Assets/Asset/Rhinoceros/skybox/Materials/FS013_Night.mat using Guid(97a7278b9022e4a468e5ad0d2bffcc2c) Importer(815301076,1909f56bfc062723c751e8b465ee728b)  -> (artifact id: 'a539fbc41b43e4685093c946e9883ef3') in 0.027555 seconds
  Import took 0.030942 seconds .

========================================================================
Received Import Request.
  Time since last request: 0.608719 seconds.
  path: Assets/Asset/Rhinoceros/skybox/Materials/FS013_Snowy.mat
  artifactKey: Guid(377f5d7e100a0bb4a9cfd9c46afb562b) Importer(815301076,1909f56bfc062723c751e8b465ee728b)
Start importing Assets/Asset/Rhinoceros/skybox/Materials/FS013_Snowy.mat using Guid(377f5d7e100a0bb4a9cfd9c46afb562b) Importer(815301076,1909f56bfc062723c751e8b465ee728b)  -> (artifact id: 'ddda3cff1801a96dfec909d90110fa72') in 0.032705 seconds
  Import took 0.036340 seconds .

========================================================================
Received Import Request.
  Time since last request: 0.000272 seconds.
  path: Assets/Asset/Rhinoceros/skybox/FS013_Snowy.mat
  artifactKey: Guid(0e51b3d2f16325549987d8d6070de3a1) Importer(815301076,1909f56bfc062723c751e8b465ee728b)
Start importing Assets/Asset/Rhinoceros/skybox/FS013_Snowy.mat using Guid(0e51b3d2f16325549987d8d6070de3a1) Importer(815301076,1909f56bfc062723c751e8b465ee728b)  -> (artifact id: 'dbbc529872af12177447c16350146b99') in 0.024663 seconds
  Import took 0.028046 seconds .

========================================================================
Received Import Request.
  Time since last request: 27.810761 seconds.
  path: Assets/1583744115-176-158348133676943-thumbnail.jpg
  artifactKey: Guid(9d8ddba2e96366f46b74c8541877bd24) Importer(815301076,1909f56bfc062723c751e8b465ee728b)
Start importing Assets/1583744115-176-158348133676943-thumbnail.jpg using Guid(9d8ddba2e96366f46b74c8541877bd24) Importer(815301076,1909f56bfc062723c751e8b465ee728b)  -> (artifact id: 'f9762a203ed360713e9e0acc7087b5e7') in 0.039499 seconds
  Import took 0.043291 seconds .

========================================================================
Received Prepare
Registering precompiled user dll's ...
Registered in 0.002247 seconds.
Begin MonoManager ReloadAssembly
Native extension for WindowsStandalone target not found
Refreshing native plugins compatible for Editor in 0.32 ms, found 0 plugins.
Preloading 0 native plugins for Editor in 0.00 ms.
Invoked RoslynAnalysisRunner static constructor.
RoslynAnalysisRunner will not be running.
RoslynAnalysisRunner has terminated.
Mono: successfully reloaded assembly
- Completed reload, in  0.879 seconds
Platform modules already initialized, skipping
Refreshing native plugins compatible for Editor in 0.32 ms, found 0 plugins.
Preloading 0 native plugins for Editor in 0.00 ms.
Unloading 1624 Unused Serialized files (Serialized files now loaded: 0)
System memory in use before: 100.5 MB.
System memory in use after: 100.6 MB.

Unloading 6 unused Assets to reduce memory usage. Loaded Objects now: 2163.
Total: 5.650300 ms (FindLiveObjects: 0.295000 ms CreateObjectMapping: 0.125500 ms MarkObjects: 5.200100 ms  DeleteObjects: 0.027800 ms)

========================================================================
Received Prepare
Registering precompiled user dll's ...
Registered in 0.001902 seconds.
Begin MonoManager ReloadAssembly
Native extension for WindowsStandalone target not found
Refreshing native plugins compatible for Editor in 0.38 ms, found 0 plugins.
Preloading 0 native plugins for Editor in 0.00 ms.
Invoked RoslynAnalysisRunner static constructor.
RoslynAnalysisRunner will not be running.
RoslynAnalysisRunner has terminated.
Mono: successfully reloaded assembly
- Completed reload, in  0.890 seconds
Platform modules already initialized, skipping
Refreshing native plugins compatible for Editor in 0.36 ms, found 0 plugins.
Preloading 0 native plugins for Editor in 0.00 ms.
Unloading 1624 Unused Serialized files (Serialized files now loaded: 0)
System memory in use before: 100.6 MB.
System memory in use after: 100.7 MB.

Unloading 6 unused Assets to reduce memory usage. Loaded Objects now: 2166.
Total: 2.366800 ms (FindLiveObjects: 0.233700 ms CreateObjectMapping: 0.083500 ms MarkObjects: 2.029100 ms  DeleteObjects: 0.018800 ms)

========================================================================
Received Import Request.
  Time since last request: 560.616186 seconds.
  path: Assets/Script
  artifactKey: Guid(85ed3dbe2c72e3f48a6847a38088abb1) Importer(815301076,1909f56bfc062723c751e8b465ee728b)
Start importing Assets/Script using Guid(85ed3dbe2c72e3f48a6847a38088abb1) Importer(815301076,1909f56bfc062723c751e8b465ee728b)  -> (artifact id: '09f2aa57aefa4212df114ba88d28483b') in 0.014293 seconds
  Import took 0.017988 seconds .

========================================================================
Received Import Request.
  Time since last request: 0.003711 seconds.
  path: Assets/Script
  artifactKey: Guid(85ed3dbe2c72e3f48a6847a38088abb1) Importer(815301076,1909f56bfc062723c751e8b465ee728b)
Start importing Assets/Script using Guid(85ed3dbe2c72e3f48a6847a38088abb1) Importer(815301076,1909f56bfc062723c751e8b465ee728b)  -> (artifact id: '09f2aa57aefa4212df114ba88d28483b') in 0.003810 seconds
  Import took 0.008700 seconds .

========================================================================
Received Import Request.
  Time since last request: 1.347139 seconds.
  path: Assets/Script/move.cs
  artifactKey: Guid(aca419b0eef6236409308ace80f09b71) Importer(815301076,1909f56bfc062723c751e8b465ee728b)
Start importing Assets/Script/move.cs using Guid(aca419b0eef6236409308ace80f09b71) Importer(815301076,1909f56bfc062723c751e8b465ee728b)  -> (artifact id: '2f02b871f0534fca3540851a9221ef33') in 0.011772 seconds
  Import took 0.015259 seconds .

========================================================================
Received Import Request.
  Time since last request: 0.006466 seconds.
  path: Assets/Script/move.cs
  artifactKey: Guid(aca419b0eef6236409308ace80f09b71) Importer(815301076,1909f56bfc062723c751e8b465ee728b)
Start importing Assets/Script/move.cs using Guid(aca419b0eef6236409308ace80f09b71) Importer(815301076,1909f56bfc062723c751e8b465ee728b)  -> (artifact id: '2f02b871f0534fca3540851a9221ef33') in 0.003759 seconds
  Import took 0.007678 seconds .

========================================================================
Received Prepare
Registering precompiled user dll's ...
Registered in 0.003055 seconds.
Begin MonoManager ReloadAssembly
Native extension for WindowsStandalone target not found
Refreshing native plugins compatible for Editor in 0.39 ms, found 0 plugins.
Preloading 0 native plugins for Editor in 0.00 ms.
Invoked RoslynAnalysisRunner static constructor.
RoslynAnalysisRunner will not be running.
RoslynAnalysisRunner has terminated.
Mono: successfully reloaded assembly
- Completed reload, in  1.157 seconds
Platform modules already initialized, skipping
Refreshing native plugins compatible for Editor in 0.32 ms, found 0 plugins.
Preloading 0 native plugins for Editor in 0.00 ms.
Unloading 1624 Unused Serialized files (Serialized files now loaded: 0)
System memory in use before: 100.6 MB.
System memory in use after: 100.7 MB.

Unloading 6 unused Assets to reduce memory usage. Loaded Objects now: 2169.
Total: 2.872000 ms (FindLiveObjects: 0.353100 ms CreateObjectMapping: 0.078400 ms MarkObjects: 2.423900 ms  DeleteObjects: 0.015400 ms)

========================================================================
Received Import Request.
  Time since last request: 244.363861 seconds.
  path: Assets/Script/move.cs
  artifactKey: Guid(aca419b0eef6236409308ace80f09b71) Importer(815301076,1909f56bfc062723c751e8b465ee728b)
Start importing Assets/Script/move.cs using Guid(aca419b0eef6236409308ace80f09b71) Importer(815301076,1909f56bfc062723c751e8b465ee728b)  -> (artifact id: 'dcc53a0abdea545c3381cf5e8b43f005') in 0.011439 seconds
  Import took 0.019418 seconds .

========================================================================
Received Prepare
Registering precompiled user dll's ...
Registered in 0.001937 seconds.
Begin MonoManager ReloadAssembly
Native extension for WindowsStandalone target not found
Refreshing native plugins compatible for Editor in 0.32 ms, found 0 plugins.
Preloading 0 native plugins for Editor in 0.00 ms.
Invoked RoslynAnalysisRunner static constructor.
RoslynAnalysisRunner will not be running.
RoslynAnalysisRunner has terminated.
Mono: successfully reloaded assembly
- Completed reload, in  0.880 seconds
Platform modules already initialized, skipping
Refreshing native plugins compatible for Editor in 0.39 ms, found 0 plugins.
Preloading 0 native plugins for Editor in 0.00 ms.
Unloading 1624 Unused Serialized files (Serialized files now loaded: 0)
System memory in use before: 100.6 MB.
System memory in use after: 100.7 MB.

Unloading 6 unused Assets to reduce memory usage. Loaded Objects now: 2172.
Total: 3.214600 ms (FindLiveObjects: 0.196600 ms CreateObjectMapping: 0.072400 ms MarkObjects: 2.919800 ms  DeleteObjects: 0.023700 ms)

========================================================================
Received Prepare
Registering precompiled user dll's ...
Registered in 0.001720 seconds.
Begin MonoManager ReloadAssembly
Native extension for WindowsStandalone target not found
Refreshing native plugins compatible for Editor in 0.34 ms, found 0 plugins.
Preloading 0 native plugins for Editor in 0.00 ms.
Invoked RoslynAnalysisRunner static constructor.
RoslynAnalysisRunner will not be running.
RoslynAnalysisRunner has terminated.
Mono: successfully reloaded assembly
- Completed reload, in  1.044 seconds
Platform modules already initialized, skipping
Refreshing native plugins compatible for Editor in 0.32 ms, found 0 plugins.
Preloading 0 native plugins for Editor in 0.00 ms.
Unloading 1624 Unused Serialized files (Serialized files now loaded: 0)
System memory in use before: 100.7 MB.
System memory in use after: 100.8 MB.

Unloading 6 unused Assets to reduce memory usage. Loaded Objects now: 2175.
Total: 2.115100 ms (FindLiveObjects: 0.257000 ms CreateObjectMapping: 0.084500 ms MarkObjects: 1.757100 ms  DeleteObjects: 0.015500 ms)

========================================================================
Received Prepare
Registering precompiled user dll's ...
Registered in 0.001669 seconds.
Begin MonoManager ReloadAssembly
Native extension for WindowsStandalone target not found
Refreshing native plugins compatible for Editor in 0.32 ms, found 0 plugins.
Preloading 0 native plugins for Editor in 0.00 ms.
Invoked RoslynAnalysisRunner static constructor.
RoslynAnalysisRunner will not be running.
RoslynAnalysisRunner has terminated.
Mono: successfully reloaded assembly
- Completed reload, in  0.843 seconds
Platform modules already initialized, skipping
Refreshing native plugins compatible for Editor in 0.32 ms, found 0 plugins.
Preloading 0 native plugins for Editor in 0.00 ms.
Unloading 1624 Unused Serialized files (Serialized files now loaded: 0)
System memory in use before: 100.7 MB.
System memory in use after: 100.8 MB.

Unloading 6 unused Assets to reduce memory usage. Loaded Objects now: 2178.
Total: 2.953000 ms (FindLiveObjects: 0.526500 ms CreateObjectMapping: 0.167900 ms MarkObjects: 2.234900 ms  DeleteObjects: 0.021100 ms)

========================================================================
Received Prepare
Registering precompiled user dll's ...
Registered in 0.001702 seconds.
Begin MonoManager ReloadAssembly
Native extension for WindowsStandalone target not found
Refreshing native plugins compatible for Editor in 0.35 ms, found 0 plugins.
Preloading 0 native plugins for Editor in 0.00 ms.
Invoked RoslynAnalysisRunner static constructor.
RoslynAnalysisRunner will not be running.
RoslynAnalysisRunner has terminated.
Mono: successfully reloaded assembly
- Completed reload, in  1.136 seconds
Platform modules already initialized, skipping
Refreshing native plugins compatible for Editor in 0.36 ms, found 0 plugins.
Preloading 0 native plugins for Editor in 0.00 ms.
Unloading 1624 Unused Serialized files (Serialized files now loaded: 0)
System memory in use before: 100.7 MB.
System memory in use after: 100.8 MB.

Unloading 6 unused Assets to reduce memory usage. Loaded Objects now: 2181.
Total: 2.237000 ms (FindLiveObjects: 0.280300 ms CreateObjectMapping: 0.096700 ms MarkObjects: 1.842300 ms  DeleteObjects: 0.016600 ms)

========================================================================
Received Prepare
Registering precompiled user dll's ...
Registered in 0.002375 seconds.
Begin MonoManager ReloadAssembly
Native extension for WindowsStandalone target not found
Refreshing native plugins compatible for Editor in 0.34 ms, found 0 plugins.
Preloading 0 native plugins for Editor in 0.00 ms.
Invoked RoslynAnalysisRunner static constructor.
RoslynAnalysisRunner will not be running.
RoslynAnalysisRunner has terminated.
Mono: successfully reloaded assembly
- Completed reload, in  0.981 seconds
Platform modules already initialized, skipping
Refreshing native plugins compatible for Editor in 0.40 ms, found 0 plugins.
Preloading 0 native plugins for Editor in 0.00 ms.
Unloading 1638 Unused Serialized files (Serialized files now loaded: 0)
System memory in use before: 102.5 MB.
System memory in use after: 102.0 MB.

Unloading 19 unused Assets to reduce memory usage. Loaded Objects now: 2185.
Total: 7.461000 ms (FindLiveObjects: 0.483600 ms CreateObjectMapping: 0.204200 ms MarkObjects: 6.163600 ms  DeleteObjects: 0.606800 ms)

========================================================================
Received Import Request.
  Time since last request: 1270.574885 seconds.
  path: Assets/Script/Rank.cs
  artifactKey: Guid(126ec259392d92645a04b617fcc99fd7) Importer(815301076,1909f56bfc062723c751e8b465ee728b)
Start importing Assets/Script/Rank.cs using Guid(126ec259392d92645a04b617fcc99fd7) Importer(815301076,1909f56bfc062723c751e8b465ee728b)  -> (artifact id: '4c2e21fef7541091fb14cfe19f0f364c') in 0.011067 seconds
  Import took 0.014520 seconds .

========================================================================
Received Prepare
Registering precompiled user dll's ...
Registered in 0.001645 seconds.
Begin MonoManager ReloadAssembly
Native extension for WindowsStandalone target not found
Refreshing native plugins compatible for Editor in 0.33 ms, found 0 plugins.
Preloading 0 native plugins for Editor in 0.00 ms.
Invoked RoslynAnalysisRunner static constructor.
RoslynAnalysisRunner will not be running.
RoslynAnalysisRunner has terminated.
Mono: successfully reloaded assembly
- Completed reload, in  0.916 seconds
Platform modules already initialized, skipping
Refreshing native plugins compatible for Editor in 0.33 ms, found 0 plugins.
Preloading 0 native plugins for Editor in 0.00 ms.
Unloading 1638 Unused Serialized files (Serialized files now loaded: 0)
System memory in use before: 102.5 MB.
System memory in use after: 102.0 MB.

Unloading 19 unused Assets to reduce memory usage. Loaded Objects now: 2188.
Total: 7.716500 ms (FindLiveObjects: 0.533700 ms CreateObjectMapping: 0.236200 ms MarkObjects: 5.863100 ms  DeleteObjects: 1.080400 ms)

========================================================================
Received Prepare
Registering precompiled user dll's ...
Registered in 0.003116 seconds.
Begin MonoManager ReloadAssembly
Native extension for WindowsStandalone target not found
Refreshing native plugins compatible for Editor in 0.36 ms, found 0 plugins.
Preloading 0 native plugins for Editor in 0.00 ms.
Invoked RoslynAnalysisRunner static constructor.
RoslynAnalysisRunner will not be running.
RoslynAnalysisRunner has terminated.
Mono: successfully reloaded assembly
- Completed reload, in  0.879 seconds
Platform modules already initialized, skipping
Refreshing native plugins compatible for Editor in 0.34 ms, found 0 plugins.
Preloading 0 native plugins for Editor in 0.00 ms.
Unloading 1638 Unused Serialized files (Serialized files now loaded: 0)
System memory in use before: 102.5 MB.
System memory in use after: 102.0 MB.

Unloading 19 unused Assets to reduce memory usage. Loaded Objects now: 2191.
Total: 6.724300 ms (FindLiveObjects: 0.400900 ms CreateObjectMapping: 0.222200 ms MarkObjects: 4.649000 ms  DeleteObjects: 1.449100 ms)

========================================================================
Received Import Request.
  Time since last request: 244.534119 seconds.
  path: Assets/Script/Rank.cs
  artifactKey: Guid(126ec259392d92645a04b617fcc99fd7) Importer(815301076,1909f56bfc062723c751e8b465ee728b)
Start importing Assets/Script/Rank.cs using Guid(126ec259392d92645a04b617fcc99fd7) Importer(815301076,1909f56bfc062723c751e8b465ee728b)  -> (artifact id: 'b1f0d87d1ed123d9f76cfebe6e2384fe') in 0.009400 seconds
  Import took 0.015167 seconds .

========================================================================
Received Prepare
Registering precompiled user dll's ...
Registered in 0.001714 seconds.
Begin MonoManager ReloadAssembly
Native extension for WindowsStandalone target not found
Refreshing native plugins compatible for Editor in 0.41 ms, found 0 plugins.
Preloading 0 native plugins for Editor in 0.00 ms.
Invoked RoslynAnalysisRunner static constructor.
RoslynAnalysisRunner will not be running.
RoslynAnalysisRunner has terminated.
Mono: successfully reloaded assembly
- Completed reload, in  1.254 seconds
Platform modules already initialized, skipping
Refreshing native plugins compatible for Editor in 0.41 ms, found 0 plugins.
Preloading 0 native plugins for Editor in 0.00 ms.
Unloading 1638 Unused Serialized files (Serialized files now loaded: 0)
System memory in use before: 102.5 MB.
System memory in use after: 102.0 MB.

Unloading 19 unused Assets to reduce memory usage. Loaded Objects now: 2194.
Total: 3.122800 ms (FindLiveObjects: 0.539600 ms CreateObjectMapping: 0.084700 ms MarkObjects: 2.037300 ms  DeleteObjects: 0.458600 ms)

========================================================================
Received Prepare
Registering precompiled user dll's ...
Registered in 0.001836 seconds.
Begin MonoManager ReloadAssembly
Native extension for WindowsStandalone target not found
Refreshing native plugins compatible for Editor in 0.35 ms, found 0 plugins.
Preloading 0 native plugins for Editor in 0.00 ms.
Invoked RoslynAnalysisRunner static constructor.
RoslynAnalysisRunner will not be running.
RoslynAnalysisRunner has terminated.
Mono: successfully reloaded assembly
- Completed reload, in  0.926 seconds
Platform modules already initialized, skipping
Refreshing native plugins compatible for Editor in 0.33 ms, found 0 plugins.
Preloading 0 native plugins for Editor in 0.00 ms.
Unloading 1638 Unused Serialized files (Serialized files now loaded: 0)
System memory in use before: 102.6 MB.
System memory in use after: 102.0 MB.

Unloading 19 unused Assets to reduce memory usage. Loaded Objects now: 2197.
Total: 4.714200 ms (FindLiveObjects: 0.420300 ms CreateObjectMapping: 0.181000 ms MarkObjects: 3.382700 ms  DeleteObjects: 0.726900 ms)

========================================================================
Received Prepare
Registering precompiled user dll's ...
Registered in 0.001740 seconds.
Begin MonoManager ReloadAssembly
Native extension for WindowsStandalone target not found
Refreshing native plugins compatible for Editor in 0.34 ms, found 0 plugins.
Preloading 0 native plugins for Editor in 0.00 ms.
Invoked RoslynAnalysisRunner static constructor.
RoslynAnalysisRunner will not be running.
RoslynAnalysisRunner has terminated.
Mono: successfully reloaded assembly
- Completed reload, in  0.898 seconds
Platform modules already initialized, skipping
Refreshing native plugins compatible for Editor in 0.36 ms, found 0 plugins.
Preloading 0 native plugins for Editor in 0.00 ms.
Unloading 1638 Unused Serialized files (Serialized files now loaded: 0)
System memory in use before: 102.6 MB.
System memory in use after: 102.1 MB.

Unloading 19 unused Assets to reduce memory usage. Loaded Objects now: 2200.
Total: 2.743300 ms (FindLiveObjects: 0.200000 ms CreateObjectMapping: 0.105900 ms MarkObjects: 2.072500 ms  DeleteObjects: 0.363900 ms)

========================================================================
Received Prepare
Registering precompiled user dll's ...
Registered in 0.001640 seconds.
Begin MonoManager ReloadAssembly
Native extension for WindowsStandalone target not found
Refreshing native plugins compatible for Editor in 0.33 ms, found 0 plugins.
Preloading 0 native plugins for Editor in 0.00 ms.
Invoked RoslynAnalysisRunner static constructor.
RoslynAnalysisRunner will not be running.
RoslynAnalysisRunner has terminated.
Mono: successfully reloaded assembly
- Completed reload, in  0.875 seconds
Platform modules already initialized, skipping
Refreshing native plugins compatible for Editor in 0.35 ms, found 0 plugins.
Preloading 0 native plugins for Editor in 0.00 ms.
Unloading 1638 Unused Serialized files (Serialized files now loaded: 0)
System memory in use before: 102.6 MB.
System memory in use after: 102.1 MB.

Unloading 19 unused Assets to reduce memory usage. Loaded Objects now: 2203.
Total: 3.313200 ms (FindLiveObjects: 0.338700 ms CreateObjectMapping: 0.131700 ms MarkObjects: 2.382000 ms  DeleteObjects: 0.458900 ms)

========================================================================
Received Prepare
Registering precompiled user dll's ...
Registered in 0.001745 seconds.
Begin MonoManager ReloadAssembly
Native extension for WindowsStandalone target not found
Refreshing native plugins compatible for Editor in 0.32 ms, found 0 plugins.
Preloading 0 native plugins for Editor in 0.00 ms.
Invoked RoslynAnalysisRunner static constructor.
RoslynAnalysisRunner will not be running.
RoslynAnalysisRunner has terminated.
Mono: successfully reloaded assembly
- Completed reload, in  0.877 seconds
Platform modules already initialized, skipping
Refreshing native plugins compatible for Editor in 0.38 ms, found 0 plugins.
Preloading 0 native plugins for Editor in 0.00 ms.
Unloading 1638 Unused Serialized files (Serialized files now loaded: 0)
System memory in use before: 102.6 MB.
System memory in use after: 102.1 MB.

Unloading 19 unused Assets to reduce memory usage. Loaded Objects now: 2206.
Total: 2.870500 ms (FindLiveObjects: 0.229800 ms CreateObjectMapping: 0.062300 ms MarkObjects: 2.188700 ms  DeleteObjects: 0.388700 ms)

========================================================================
Received Prepare
Registering precompiled user dll's ...
Registered in 0.001774 seconds.
Begin MonoManager ReloadAssembly
Native extension for WindowsStandalone target not found
Refreshing native plugins compatible for Editor in 0.34 ms, found 0 plugins.
Preloading 0 native plugins for Editor in 0.00 ms.
Invoked RoslynAnalysisRunner static constructor.
RoslynAnalysisRunner will not be running.
RoslynAnalysisRunner has terminated.
Mono: successfully reloaded assembly
- Completed reload, in  0.871 seconds
Platform modules already initialized, skipping
Refreshing native plugins compatible for Editor in 0.34 ms, found 0 plugins.
Preloading 0 native plugins for Editor in 0.00 ms.
Unloading 1638 Unused Serialized files (Serialized files now loaded: 0)
System memory in use before: 102.6 MB.
System memory in use after: 102.1 MB.

Unloading 19 unused Assets to reduce memory usage. Loaded Objects now: 2209.
Total: 3.341400 ms (FindLiveObjects: 0.442900 ms CreateObjectMapping: 0.072200 ms MarkObjects: 2.294100 ms  DeleteObjects: 0.530100 ms)

========================================================================
Received Prepare
Registering precompiled user dll's ...
Registered in 0.001639 seconds.
Begin MonoManager ReloadAssembly
Native extension for WindowsStandalone target not found
Refreshing native plugins compatible for Editor in 0.32 ms, found 0 plugins.
Preloading 0 native plugins for Editor in 0.00 ms.
Invoked RoslynAnalysisRunner static constructor.
RoslynAnalysisRunner will not be running.
RoslynAnalysisRunner has terminated.
Mono: successfully reloaded assembly
- Completed reload, in  0.863 seconds
Platform modules already initialized, skipping
Refreshing native plugins compatible for Editor in 0.35 ms, found 0 plugins.
Preloading 0 native plugins for Editor in 0.00 ms.
Unloading 1638 Unused Serialized files (Serialized files now loaded: 0)
System memory in use before: 102.6 MB.
System memory in use after: 102.1 MB.

Unloading 19 unused Assets to reduce memory usage. Loaded Objects now: 2212.
Total: 6.122200 ms (FindLiveObjects: 0.695900 ms CreateObjectMapping: 0.269600 ms MarkObjects: 4.317000 ms  DeleteObjects: 0.836200 ms)

========================================================================
Received Prepare
Registering precompiled user dll's ...
Registered in 0.002696 seconds.
Begin MonoManager ReloadAssembly
Native extension for WindowsStandalone target not found
Refreshing native plugins compatible for Editor in 0.32 ms, found 0 plugins.
Preloading 0 native plugins for Editor in 0.00 ms.
Invoked RoslynAnalysisRunner static constructor.
RoslynAnalysisRunner will not be running.
RoslynAnalysisRunner has terminated.
Mono: successfully reloaded assembly
- Completed reload, in  0.836 seconds
Platform modules already initialized, skipping
Refreshing native plugins compatible for Editor in 0.33 ms, found 0 plugins.
Preloading 0 native plugins for Editor in 0.00 ms.
Unloading 1638 Unused Serialized files (Serialized files now loaded: 0)
System memory in use before: 102.6 MB.
System memory in use after: 102.1 MB.

Unloading 19 unused Assets to reduce memory usage. Loaded Objects now: 2215.
Total: 10.687800 ms (FindLiveObjects: 0.660000 ms CreateObjectMapping: 0.255900 ms MarkObjects: 8.550800 ms  DeleteObjects: 1.217800 ms)

AssetImportWorkerClient::OnTransportError - code=2 error=End of file
